<?xml version="1.0" encoding="UTF-8"?>
<!-- Generated by org.testng.reporters.JUnitReportReporter -->
<testsuite hostname="DESKTOP-9QG7VQE" failures="0" tests="1" name="com.rgt.runner.APITest" time="5.175" errors="0" timestamp="2023-09-28T14:33:06 IST" skipped="0">
  <testcase classname="com.rgt.runner.APITest" name="runner" time="5.175"/>
</testsuite> <!-- com.rgt.runner.APITest -->
