<?xml version="1.0" encoding="UTF-8"?>
<!-- Generated by org.testng.reporters.JUnitReportReporter -->
<testsuite hostname="LMC-LT-102" failures="0" tests="1" name="com.rgt.runner.APITest" time="2.479" errors="0" timestamp="2023-09-29T09:56:21 IST" skipped="0">
  <testcase classname="com.rgt.runner.APITest" name="runner" time="2.479"/>
  <system-out/>
</testsuite> <!-- com.rgt.runner.APITest -->
